<?xml version="1.0" encoding="UTF-8"?>
<!-- Generated by org.testng.reporters.JUnitReportReporter -->
<testsuite skipped="0" hostname="ramakomali" name="com.tests.HotelBookingTest" tests="2" failures="0" timestamp="05 Dec 2017 17:29:35 GMT" time="43.002" errors="0">
  <testcase name="shouldBeAbleToSearchForHotels" time="20.907" classname="com.tests.HotelBookingTest"/>
  <testcase name="shouldBeAbleToSearchForHotels" time="22.095" classname="com.tests.HotelBookingTest"/>
</testsuite> <!-- com.tests.HotelBookingTest -->
