<?xml version="1.0" encoding="UTF-8"?>
<!-- Generated by org.testng.reporters.JUnitReportReporter -->
<testsuite skipped="0" hostname="ramakomali" name="HotelBookingTest" tests="1" failures="0" timestamp="28 Nov 2017 16:59:40 GMT" time="20.629" errors="0">
  <testcase name="shouldBeAbleToSearchForHotels" time="20.629" classname="HotelBookingTest"/>
</testsuite> <!-- HotelBookingTest -->
