<?xml version="1.0" encoding="UTF-8"?>
<!-- Generated by org.testng.reporters.JUnitReportReporter -->
<testsuite skipped="0" hostname="ramakomali" name="FlightBookingTest" tests="1" failures="0" timestamp="28 Nov 2017 16:58:25 GMT" time="14.584" errors="0">
  <testcase name="testThatResultsAppearForAOneWayJourney" time="14.584" classname="FlightBookingTest"/>
</testsuite> <!-- FlightBookingTest -->
