<?xml version="1.0" encoding="UTF-8"?>
<!-- Generated by org.testng.reporters.JUnitReportReporter -->
<testsuite skipped="0" hostname="ramakomali" name="com.tests.SignInTest" tests="1" failures="0" timestamp="05 Dec 2017 17:29:35 GMT" time="4.468" errors="0">
  <testcase name="shouldThrowAnErrorIfSignInDetailsAreMissing" time="4.468" classname="com.tests.SignInTest"/>
</testsuite> <!-- com.tests.SignInTest -->
