<?xml version="1.0" encoding="UTF-8"?>
<!-- Generated by org.testng.reporters.JUnitReportReporter -->
<testsuite skipped="0" hostname="ramakomali" name="SignInTest" tests="1" failures="0" timestamp="28 Nov 2017 13:50:36 GMT" time="8.431" errors="0">
  <testcase name="shouldThrowAnErrorIfSignInDetailsAreMissing" time="8.431" classname="SignInTest"/>
</testsuite> <!-- SignInTest -->
